wandb: [wandb.login()] Loaded credentials for https://api.wandb.ai from /iris/u/marcelto/.netrc.
wandb: Currently logged in as: marcelto (marcelto-stanford-university) to https://api.wandb.ai. Use `wandb login --relogin` to force relogin
wandb: setting up run bjd0lmiz
wandb: Tracking run with wandb version 0.25.1
wandb: Run data is saved locally in /iris/u/marcelto/reward_learning/wandb/run-20260412_173019-bjd0lmiz
wandb: Run `wandb offline` to turn off syncing.
wandb: Syncing run 2026-04-12_17-30-15
wandb: ⭐️ View project at https://wandb.ai/marcelto-stanford-university/reward_learning
wandb: 🚀 View run at https://wandb.ai/marcelto-stanford-university/reward_learning/runs/bjd0lmiz
/iris/u/marcelto/reward_learning/.venv/lib/python3.9/site-packages/torch/nn/modules/transformer.py:306: UserWarning: enable_nested_tensor is True, but self.use_nested_tensor is False because encoder_layer.norm_first was True
  warnings.warn(f"enable_nested_tensor is True, but self.use_nested_tensor is False because {why_not_sparsity_fast_path}")
Device: cuda
Task: cube_in_three_bowls | Keys: ['Fast', 'Smooth', 'Blue bowl', 'Orange bowl', 'Yellow bowl']
Train: 42 sessions, Val: 10 sessions
Train size: 40, Val size: 10
Traceback (most recent call last):
  File "/iris/u/marcelto/reward_learning/main.py", line 340, in <module>
    main()
  File "/iris/u/marcelto/reward_learning/main.py", line 181, in main
    model = RewardModel(
  File "/iris/u/marcelto/reward_learning/.venv/lib/python3.9/site-packages/torch/nn/modules/module.py", line 1173, in to
    return self._apply(convert)
  File "/iris/u/marcelto/reward_learning/.venv/lib/python3.9/site-packages/torch/nn/modules/module.py", line 779, in _apply
    module._apply(fn)
  File "/iris/u/marcelto/reward_learning/.venv/lib/python3.9/site-packages/torch/nn/modules/module.py", line 779, in _apply
    module._apply(fn)
  File "/iris/u/marcelto/reward_learning/.venv/lib/python3.9/site-packages/torch/nn/modules/module.py", line 779, in _apply
    module._apply(fn)
  File "/iris/u/marcelto/reward_learning/.venv/lib/python3.9/site-packages/torch/nn/modules/module.py", line 804, in _apply
    param_applied = fn(param)
  File "/iris/u/marcelto/reward_learning/.venv/lib/python3.9/site-packages/torch/nn/modules/module.py", line 1159, in convert
    return t.to(
RuntimeError: CUDA error: uncorrectable ECC error encountered
CUDA kernel errors might be asynchronously reported at some other API call, so the stacktrace below might be incorrect.
For debugging consider passing CUDA_LAUNCH_BLOCKING=1.
Compile with `TORCH_USE_CUDA_DSA` to enable device-side assertions.

Traceback (most recent call last):
  File "/iris/u/marcelto/reward_learning/main.py", line 340, in <module>
    main()
  File "/iris/u/marcelto/reward_learning/main.py", line 181, in main
    model = RewardModel(
  File "/iris/u/marcelto/reward_learning/.venv/lib/python3.9/site-packages/torch/nn/modules/module.py", line 1173, in to
    return self._apply(convert)
  File "/iris/u/marcelto/reward_learning/.venv/lib/python3.9/site-packages/torch/nn/modules/module.py", line 779, in _apply
    module._apply(fn)
  File "/iris/u/marcelto/reward_learning/.venv/lib/python3.9/site-packages/torch/nn/modules/module.py", line 779, in _apply
    module._apply(fn)
  File "/iris/u/marcelto/reward_learning/.venv/lib/python3.9/site-packages/torch/nn/modules/module.py", line 779, in _apply
    module._apply(fn)
  File "/iris/u/marcelto/reward_learning/.venv/lib/python3.9/site-packages/torch/nn/modules/module.py", line 804, in _apply
    param_applied = fn(param)
  File "/iris/u/marcelto/reward_learning/.venv/lib/python3.9/site-packages/torch/nn/modules/module.py", line 1159, in convert
    return t.to(
RuntimeError: CUDA error: uncorrectable ECC error encountered
CUDA kernel errors might be asynchronously reported at some other API call, so the stacktrace below might be incorrect.
For debugging consider passing CUDA_LAUNCH_BLOCKING=1.
Compile with `TORCH_USE_CUDA_DSA` to enable device-side assertions.

[1;34mwandb[0m: 
[1;34mwandb[0m: 🚀 View run [33m2026-04-12_17-30-15[0m at: [34mhttps://wandb.ai/marcelto-stanford-university/reward_learning/runs/bjd0lmiz[0m
[1;34mwandb[0m: Find logs at: [1;35mwandb/run-20260412_173019-bjd0lmiz/logs[0m
